# JRE version: OpenJDK Runtime Environment (8.0_152-b01) (build 1.8.0_152-release-915-b01)
# Java VM: OpenJDK 64-Bit Server VM (25.152-b01 mixed mode windows-amd64 compressed oops)
Heap:
 PSYoungGen      total 144384K, used 49657K [0x00000000e0000000, 0x00000000e9980000, 0x0000000100000000)
  eden space 132608K, 29% used [0x00000000e0000000,0x00000000e26a4cf8,0x00000000e8180000)
  from space 11776K, 85% used [0x00000000e8e00000,0x00000000e97d9a88,0x00000000e9980000)
  to   space 12288K, 0% used [0x00000000e8180000,0x00000000e8180000,0x00000000e8d80000)
 ParOldGen       total 66048K, used 16405K [0x00000000a0000000, 0x00000000a4080000, 0x00000000e0000000)
  object space 66048K, 24% used [0x00000000a0000000,0x00000000a10054c0,0x00000000a4080000)
 Metaspace       used 43749K, capacity 44846K, committed 45144K, reserved 1087488K
  class space    used 5866K, capacity 6216K, committed 6272K, reserved 1048576K
GC Heap History (10 events):
Event: 4.576 GC heap before
{Heap before GC invocations=6 (full 1):
 PSYoungGen      total 71680K, used 66560K [0x00000000e0000000, 0x00000000e4b00000, 0x0000000100000000)
  eden space 66560K, 100% used [0x00000000e0000000,0x00000000e4100000,0x00000000e4100000)
  from space 5120K, 0% used [0x00000000e4600000,0x00000000e4600000,0x00000000e4b00000)
  to   space 5120K, 0% used [0x00000000e4100000,0x00000000e4100000,0x00000000e4600000)
 ParOldGen       total 66048K, used 9078K [0x00000000a0000000, 0x00000000a4080000, 0x00000000e0000000)
  object space 66048K, 13% used [0x00000000a0000000,0x00000000a08ddb88,0x00000000a4080000)
 Metaspace       used 26007K, capacity 26594K, committed 26752K, reserved 1073152K
  class space    used 3522K, capacity 3702K, committed 3712K, reserved 1048576K
Event: 4.586 GC heap after
Heap after GC invocations=6 (full 1):
 PSYoungGen      total 71680K, used 5091K [0x00000000e0000000, 0x00000000e7280000, 0x0000000100000000)
  eden space 66560K, 0% used [0x00000000e0000000,0x00000000e0000000,0x00000000e4100000)
  from space 5120K, 99% used [0x00000000e4100000,0x00000000e45f8f68,0x00000000e4600000)
  to   space 10752K, 0% used [0x00000000e6800000,0x00000000e6800000,0x00000000e7280000)
 ParOldGen       total 66048K, used 11528K [0x00000000a0000000, 0x00000000a4080000, 0x00000000e0000000)
  object space 66048K, 17% used [0x00000000a0000000,0x00000000a0b422e8,0x00000000a4080000)
 Metaspace       used 26007K, capacity 26594K, committed 26752K, reserved 1073152K
  class space    used 3522K, capacity 3702K, committed 3712K, reserved 1048576K
}
Event: 6.021 GC heap before
{Heap before GC invocations=7 (full 1):
 PSYoungGen      total 71680K, used 71651K [0x00000000e0000000, 0x00000000e7280000, 0x0000000100000000)
  eden space 66560K, 100% used [0x00000000e0000000,0x00000000e4100000,0x00000000e4100000)
  from space 5120K, 99% used [0x00000000e4100000,0x00000000e45f8f68,0x00000000e4600000)
  to   space 10752K, 0% used [0x00000000e6800000,0x00000000e6800000,0x00000000e7280000)
 ParOldGen       total 66048K, used 11528K [0x00000000a0000000, 0x00000000a4080000, 0x00000000e0000000)
  object space 66048K, 17% used [0x00000000a0000000,0x00000000a0b422e8,0x00000000a4080000)
 Metaspace       used 30443K, capacity 31116K, committed 31360K, reserved 1077248K
  class space    used 4124K, capacity 4355K, committed 4480K, reserved 1048576K
Event: 6.033 GC heap after
Heap after GC invocations=7 (full 1):
 PSYoungGen      total 103424K, used 8170K [0x00000000e0000000, 0x00000000e7100000, 0x0000000100000000)
  eden space 94208K, 0% used [0x00000000e0000000,0x00000000e0000000,0x00000000e5c00000)
  from space 9216K, 88% used [0x00000000e6800000,0x00000000e6ffaac8,0x00000000e7100000)
  to   space 10752K, 0% used [0x00000000e5c00000,0x00000000e5c00000,0x00000000e6680000)
 ParOldGen       total 66048K, used 11600K [0x00000000a0000000, 0x00000000a4080000, 0x00000000e0000000)
  object space 66048K, 17% used [0x00000000a0000000,0x00000000a0b542f8,0x00000000a4080000)
 Metaspace       used 30443K, capacity 31116K, committed 31360K, reserved 1077248K
  class space    used 4124K, capacity 4355K, committed 4480K, reserved 1048576K
}
Event: 7.141 GC heap before
{Heap before GC invocations=8 (full 1):
 PSYoungGen      total 103424K, used 65949K [0x00000000e0000000, 0x00000000e7100000, 0x0000000100000000)
  eden space 94208K, 61% used [0x00000000e0000000,0x00000000e386ca00,0x00000000e5c00000)
  from space 9216K, 88% used [0x00000000e6800000,0x00000000e6ffaac8,0x00000000e7100000)
  to   space 10752K, 0% used [0x00000000e5c00000,0x00000000e5c00000,0x00000000e6680000)
 ParOldGen       total 66048K, used 11600K [0x00000000a0000000, 0x00000000a4080000, 0x00000000e0000000)
  object space 66048K, 17% used [0x00000000a0000000,0x00000000a0b542f8,0x00000000a4080000)
 Metaspace       used 34468K, capacity 35256K, committed 35416K, reserved 1079296K
  class space    used 4658K, capacity 4952K, committed 4992K, reserved 1048576K
Event: 7.156 GC heap after
Heap after GC invocations=8 (full 1):
 PSYoungGen      total 104960K, used 10043K [0x00000000e0000000, 0x00000000e9980000, 0x0000000100000000)
  eden space 94208K, 0% used [0x00000000e0000000,0x00000000e0000000,0x00000000e5c00000)
  from space 10752K, 93% used [0x00000000e5c00000,0x00000000e65cec20,0x00000000e6680000)
  to   space 11776K, 0% used [0x00000000e8e00000,0x00000000e8e00000,0x00000000e9980000)
 ParOldGen       total 66048K, used 11608K [0x00000000a0000000, 0x00000000a4080000, 0x00000000e0000000)
  object space 66048K, 17% used [0x00000000a0000000,0x00000000a0b562f8,0x00000000a4080000)
 Metaspace       used 34468K, capacity 35256K, committed 35416K, reserved 1079296K
  class space    used 4658K, capacity 4952K, committed 4992K, reserved 1048576K
}
Event: 7.156 GC heap before
{Heap before GC invocations=9 (full 2):
 PSYoungGen      total 104960K, used 10043K [0x00000000e0000000, 0x00000000e9980000, 0x0000000100000000)
  eden space 94208K, 0% used [0x00000000e0000000,0x00000000e0000000,0x00000000e5c00000)
  from space 10752K, 93% used [0x00000000e5c00000,0x00000000e65cec20,0x00000000e6680000)
  to   space 11776K, 0% used [0x00000000e8e00000,0x00000000e8e00000,0x00000000e9980000)
 ParOldGen       total 66048K, used 11608K [0x00000000a0000000, 0x00000000a4080000, 0x00000000e0000000)
  object space 66048K, 17% used [0x00000000a0000000,0x00000000a0b562f8,0x00000000a4080000)
 Metaspace       used 34468K, capacity 35256K, committed 35416K, reserved 1079296K
  class space    used 4658K, capacity 4952K, committed 4992K, reserved 1048576K
Event: 7.239 GC heap after
Heap after GC invocations=9 (full 2):
 PSYoungGen      total 104960K, used 0K [0x00000000e0000000, 0x00000000e9980000, 0x0000000100000000)
  eden space 94208K, 0% used [0x00000000e0000000,0x00000000e0000000,0x00000000e5c00000)
  from space 10752K, 0% used [0x00000000e5c00000,0x00000000e5c00000,0x00000000e6680000)
  to   space 11776K, 0% used [0x00000000e8e00000,0x00000000e8e00000,0x00000000e9980000)
 ParOldGen       total 66048K, used 16397K [0x00000000a0000000, 0x00000000a4080000, 0x00000000e0000000)
  object space 66048K, 24% used [0x00000000a0000000,0x00000000a10034c0,0x00000000a4080000)
 Metaspace       used 34468K, capacity 35256K, committed 35416K, reserved 1079296K
  class space    used 4658K, capacity 4952K, committed 4992K, reserved 1048576K
}
Event: 8.624 GC heap before
{Heap before GC invocations=10 (full 2):
 PSYoungGen      total 104960K, used 94208K [0x00000000e0000000, 0x00000000e9980000, 0x0000000100000000)
  eden space 94208K, 100% used [0x00000000e0000000,0x00000000e5c00000,0x00000000e5c00000)
  from space 10752K, 0% used [0x00000000e5c00000,0x00000000e5c00000,0x00000000e6680000)
  to   space 11776K, 0% used [0x00000000e8e00000,0x00000000e8e00000,0x00000000e9980000)
 ParOldGen       total 66048K, used 16397K [0x00000000a0000000, 0x00000000a4080000, 0x00000000e0000000)
  object space 66048K, 24% used [0x00000000a0000000,0x00000000a10034c0,0x00000000a4080000)
 Metaspace       used 41100K, capacity 42000K, committed 42328K, reserved 1085440K
  class space    used 5431K, capacity 5718K, committed 5760K, reserved 1048576K
Event: 8.646 GC heap after
Heap after GC invocations=10 (full 2):
 PSYoungGen      total 144384K, used 10086K [0x00000000e0000000, 0x00000000e9980000, 0x0000000100000000)
  eden space 132608K, 0% used [0x00000000e0000000,0x00000000e0000000,0x00000000e8180000)
  from space 11776K, 85% used [0x00000000e8e00000,0x00000000e97d9a88,0x00000000e9980000)
  to   space 12288K, 0% used [0x00000000e8180000,0x00000000e8180000,0x00000000e8d80000)
 ParOldGen       total 66048K, used 16405K [0x00000000a0000000, 0x00000000a4080000, 0x00000000e0000000)
  object space 66048K, 24% used [0x00000000a0000000,0x00000000a10054c0,0x00000000a4080000)
 Metaspace       used 41100K, capacity 42000K, committed 42328K, reserved 1085440K
  class space    used 5431K, capacity 5718K, committed 5760K, reserved 1048576K
}

