# JRE version: OpenJDK Runtime Environment (8.0_152-b01) (build 1.8.0_152-release-915-b01)
# Java VM: OpenJDK 64-Bit Server VM (25.152-b01 mixed mode windows-amd64 compressed oops)
Heap:
 PSYoungGen      total 187904K, used 85446K [0x00000000e0000000, 0x00000000eee80000, 0x0000000100000000)
  eden space 166400K, 38% used [0x00000000e0000000,0x00000000e3e71b50,0x00000000ea280000)
  from space 21504K, 99% used [0x00000000ea280000,0x00000000eb77fef0,0x00000000eb780000)
  to   space 37376K, 0% used [0x00000000eca00000,0x00000000eca00000,0x00000000eee80000)
 ParOldGen       total 169984K, used 73300K [0x00000000a0000000, 0x00000000aa600000, 0x00000000e0000000)
  object space 169984K, 43% used [0x00000000a0000000,0x00000000a4795030,0x00000000aa600000)
 Metaspace       used 68106K, capacity 70518K, committed 70872K, reserved 1110016K
  class space    used 8772K, capacity 9318K, committed 9432K, reserved 1048576K
GC Heap History (10 events):
Event: 15.513 GC heap before
{Heap before GC invocations=12 (full 2):
 PSYoungGen      total 137216K, used 137215K [0x00000000e0000000, 0x00000000eb080000, 0x0000000100000000)
  eden space 124928K, 100% used [0x00000000e0000000,0x00000000e7a00000,0x00000000e7a00000)
  from space 12288K, 99% used [0x00000000e7a00000,0x00000000e85ffff8,0x00000000e8600000)
  to   space 14848K, 0% used [0x00000000ea200000,0x00000000ea200000,0x00000000eb080000)
 ParOldGen       total 108544K, used 19155K [0x00000000a0000000, 0x00000000a6a00000, 0x00000000e0000000)
  object space 108544K, 17% used [0x00000000a0000000,0x00000000a12b4f00,0x00000000a6a00000)
 Metaspace       used 55692K, capacity 57602K, committed 57688K, reserved 1099776K
  class space    used 7506K, capacity 8004K, committed 8024K, reserved 1048576K
Event: 15.537 GC heap after
Heap after GC invocations=12 (full 2):
 PSYoungGen      total 160768K, used 14821K [0x00000000e0000000, 0x00000000eb980000, 0x0000000100000000)
  eden space 145920K, 0% used [0x00000000e0000000,0x00000000e0000000,0x00000000e8e80000)
  from space 14848K, 99% used [0x00000000ea200000,0x00000000eb079500,0x00000000eb080000)
  to   space 19968K, 0% used [0x00000000e8e80000,0x00000000e8e80000,0x00000000ea200000)
 ParOldGen       total 108544K, used 28817K [0x00000000a0000000, 0x00000000a6a00000, 0x00000000e0000000)
  object space 108544K, 26% used [0x00000000a0000000,0x00000000a1c24640,0x00000000a6a00000)
 Metaspace       used 55692K, capacity 57602K, committed 57688K, reserved 1099776K
  class space    used 7506K, capacity 8004K, committed 8024K, reserved 1048576K
}
Event: 18.509 GC heap before
{Heap before GC invocations=13 (full 2):
 PSYoungGen      total 160768K, used 117445K [0x00000000e0000000, 0x00000000eb980000, 0x0000000100000000)
  eden space 145920K, 70% used [0x00000000e0000000,0x00000000e6438170,0x00000000e8e80000)
  from space 14848K, 99% used [0x00000000ea200000,0x00000000eb079500,0x00000000eb080000)
  to   space 19968K, 0% used [0x00000000e8e80000,0x00000000e8e80000,0x00000000ea200000)
 ParOldGen       total 108544K, used 28817K [0x00000000a0000000, 0x00000000a6a00000, 0x00000000e0000000)
  object space 108544K, 26% used [0x00000000a0000000,0x00000000a1c24640,0x00000000a6a00000)
 Metaspace       used 56878K, capacity 58886K, committed 59028K, reserved 1099776K
  class space    used 7641K, capacity 8140K, committed 8152K, reserved 1048576K
Event: 18.541 GC heap after
Heap after GC invocations=13 (full 2):
 PSYoungGen      total 165888K, used 19965K [0x00000000e0000000, 0x00000000ed800000, 0x0000000100000000)
  eden space 145920K, 0% used [0x00000000e0000000,0x00000000e0000000,0x00000000e8e80000)
  from space 19968K, 99% used [0x00000000e8e80000,0x00000000ea1ff488,0x00000000ea200000)
  to   space 22528K, 0% used [0x00000000ec200000,0x00000000ec200000,0x00000000ed800000)
 ParOldGen       total 108544K, used 29202K [0x00000000a0000000, 0x00000000a6a00000, 0x00000000e0000000)
  object space 108544K, 26% used [0x00000000a0000000,0x00000000a1c84b18,0x00000000a6a00000)
 Metaspace       used 56878K, capacity 58886K, committed 59028K, reserved 1099776K
  class space    used 7641K, capacity 8140K, committed 8152K, reserved 1048576K
}
Event: 18.541 GC heap before
{Heap before GC invocations=14 (full 3):
 PSYoungGen      total 165888K, used 19965K [0x00000000e0000000, 0x00000000ed800000, 0x0000000100000000)
  eden space 145920K, 0% used [0x00000000e0000000,0x00000000e0000000,0x00000000e8e80000)
  from space 19968K, 99% used [0x00000000e8e80000,0x00000000ea1ff488,0x00000000ea200000)
  to   space 22528K, 0% used [0x00000000ec200000,0x00000000ec200000,0x00000000ed800000)
 ParOldGen       total 108544K, used 29202K [0x00000000a0000000, 0x00000000a6a00000, 0x00000000e0000000)
  object space 108544K, 26% used [0x00000000a0000000,0x00000000a1c84b18,0x00000000a6a00000)
 Metaspace       used 56878K, capacity 58886K, committed 59028K, reserved 1099776K
  class space    used 7641K, capacity 8140K, committed 8152K, reserved 1048576K
Event: 18.846 GC heap after
Heap after GC invocations=14 (full 3):
 PSYoungGen      total 165888K, used 0K [0x00000000e0000000, 0x00000000ed800000, 0x0000000100000000)
  eden space 145920K, 0% used [0x00000000e0000000,0x00000000e0000000,0x00000000e8e80000)
  from space 19968K, 0% used [0x00000000e8e80000,0x00000000e8e80000,0x00000000ea200000)
  to   space 22528K, 0% used [0x00000000ec200000,0x00000000ec200000,0x00000000ed800000)
 ParOldGen       total 169984K, used 38179K [0x00000000a0000000, 0x00000000aa600000, 0x00000000e0000000)
  object space 169984K, 22% used [0x00000000a0000000,0x00000000a2548eb0,0x00000000aa600000)
 Metaspace       used 56878K, capacity 58886K, committed 59028K, reserved 1099776K
  class space    used 7641K, capacity 8140K, committed 8152K, reserved 1048576K
}
Event: 480.928 GC heap before
{Heap before GC invocations=15 (full 3):
 PSYoungGen      total 165888K, used 145920K [0x00000000e0000000, 0x00000000ed800000, 0x0000000100000000)
  eden space 145920K, 100% used [0x00000000e0000000,0x00000000e8e80000,0x00000000e8e80000)
  from space 19968K, 0% used [0x00000000e8e80000,0x00000000e8e80000,0x00000000ea200000)
  to   space 22528K, 0% used [0x00000000ec200000,0x00000000ec200000,0x00000000ed800000)
 ParOldGen       total 169984K, used 38179K [0x00000000a0000000, 0x00000000aa600000, 0x00000000e0000000)
  object space 169984K, 22% used [0x00000000a0000000,0x00000000a2548eb0,0x00000000aa600000)
 Metaspace       used 61772K, capacity 64198K, committed 64344K, reserved 1105920K
  class space    used 8131K, capacity 8702K, committed 8792K, reserved 1048576K
Event: 480.941 GC heap after
Heap after GC invocations=15 (full 3):
 PSYoungGen      total 153088K, used 10251K [0x00000000e0000000, 0x00000000ecc80000, 0x0000000100000000)
  eden space 142336K, 0% used [0x00000000e0000000,0x00000000e0000000,0x00000000e8b00000)
  from space 10752K, 95% used [0x00000000ec200000,0x00000000ecc02f78,0x00000000ecc80000)
  to   space 21504K, 0% used [0x00000000ea280000,0x00000000ea280000,0x00000000eb780000)
 ParOldGen       total 169984K, used 38187K [0x00000000a0000000, 0x00000000aa600000, 0x00000000e0000000)
  object space 169984K, 22% used [0x00000000a0000000,0x00000000a254aeb0,0x00000000aa600000)
 Metaspace       used 61772K, capacity 64198K, committed 64344K, reserved 1105920K
  class space    used 8131K, capacity 8702K, committed 8792K, reserved 1048576K
}
Event: 483.911 GC heap before
{Heap before GC invocations=16 (full 3):
 PSYoungGen      total 153088K, used 152587K [0x00000000e0000000, 0x00000000ecc80000, 0x0000000100000000)
  eden space 142336K, 100% used [0x00000000e0000000,0x00000000e8b00000,0x00000000e8b00000)
  from space 10752K, 95% used [0x00000000ec200000,0x00000000ecc02f78,0x00000000ecc80000)
  to   space 21504K, 0% used [0x00000000ea280000,0x00000000ea280000,0x00000000eb780000)
 ParOldGen       total 169984K, used 38187K [0x00000000a0000000, 0x00000000aa600000, 0x00000000e0000000)
  object space 169984K, 22% used [0x00000000a0000000,0x00000000a254aeb0,0x00000000aa600000)
 Metaspace       used 66903K, capacity 69302K, committed 69464K, reserved 1110016K
  class space    used 8695K, capacity 9254K, committed 9304K, reserved 1048576K
Event: 483.967 GC heap after
Heap after GC invocations=16 (full 3):
 PSYoungGen      total 187904K, used 21503K [0x00000000e0000000, 0x00000000eee80000, 0x0000000100000000)
  eden space 166400K, 0% used [0x00000000e0000000,0x00000000e0000000,0x00000000ea280000)
  from space 21504K, 99% used [0x00000000ea280000,0x00000000eb77fef0,0x00000000eb780000)
  to   space 37376K, 0% used [0x00000000eca00000,0x00000000eca00000,0x00000000eee80000)
 ParOldGen       total 169984K, used 73300K [0x00000000a0000000, 0x00000000aa600000, 0x00000000e0000000)
  object space 169984K, 43% used [0x00000000a0000000,0x00000000a4795030,0x00000000aa600000)
 Metaspace       used 66903K, capacity 69302K, committed 69464K, reserved 1110016K
  class space    used 8695K, capacity 9254K, committed 9304K, reserved 1048576K
}

