# JRE version: OpenJDK Runtime Environment (8.0_152-b01) (build 1.8.0_152-release-915-b01)
# Java VM: OpenJDK 64-Bit Server VM (25.152-b01 mixed mode windows-amd64 compressed oops)
Heap:
 PSYoungGen      total 96256K, used 90304K [0x00000000e0000000, 0x00000000e6a80000, 0x0000000100000000)
  eden space 87552K, 96% used [0x00000000e0000000,0x00000000e525b020,0x00000000e5580000)
  from space 8704K, 68% used [0x00000000e6200000,0x00000000e67d51d8,0x00000000e6a80000)
  to   space 10752K, 0% used [0x00000000e5580000,0x00000000e5580000,0x00000000e6000000)
 ParOldGen       total 101376K, used 15994K [0x00000000a0000000, 0x00000000a6300000, 0x00000000e0000000)
  object space 101376K, 15% used [0x00000000a0000000,0x00000000a0f9ead0,0x00000000a6300000)
 Metaspace       used 46445K, capacity 47600K, committed 47832K, reserved 1091584K
  class space    used 6198K, capacity 6549K, committed 6616K, reserved 1048576K
GC Heap History (10 events):
Event: 9.680 GC heap before
{Heap before GC invocations=8 (full 1):
 PSYoungGen      total 57856K, used 53143K [0x00000000e0000000, 0x00000000e4380000, 0x0000000100000000)
  eden space 47616K, 100% used [0x00000000e0000000,0x00000000e2e80000,0x00000000e2e80000)
  from space 10240K, 53% used [0x00000000e3980000,0x00000000e3ee5ec8,0x00000000e4380000)
  to   space 10752K, 0% used [0x00000000e2e80000,0x00000000e2e80000,0x00000000e3900000)
 ParOldGen       total 66560K, used 9040K [0x00000000a0000000, 0x00000000a4100000, 0x00000000e0000000)
  object space 66560K, 13% used [0x00000000a0000000,0x00000000a08d4338,0x00000000a4100000)
 Metaspace       used 30286K, capacity 30952K, committed 31232K, reserved 1077248K
  class space    used 4118K, capacity 4323K, committed 4352K, reserved 1048576K
Event: 9.692 GC heap after
Heap after GC invocations=8 (full 1):
 PSYoungGen      total 58368K, used 7745K [0x00000000e0000000, 0x00000000e5880000, 0x0000000100000000)
  eden space 47616K, 0% used [0x00000000e0000000,0x00000000e0000000,0x00000000e2e80000)
  from space 10752K, 72% used [0x00000000e2e80000,0x00000000e36107b0,0x00000000e3900000)
  to   space 10752K, 0% used [0x00000000e4e00000,0x00000000e4e00000,0x00000000e5880000)
 ParOldGen       total 66560K, used 9048K [0x00000000a0000000, 0x00000000a4100000, 0x00000000e0000000)
  object space 66560K, 13% used [0x00000000a0000000,0x00000000a08d6338,0x00000000a4100000)
 Metaspace       used 30286K, capacity 30952K, committed 31232K, reserved 1077248K
  class space    used 4118K, capacity 4323K, committed 4352K, reserved 1048576K
}
Event: 11.113 GC heap before
{Heap before GC invocations=9 (full 1):
 PSYoungGen      total 58368K, used 55358K [0x00000000e0000000, 0x00000000e5880000, 0x0000000100000000)
  eden space 47616K, 99% used [0x00000000e0000000,0x00000000e2e7f0e0,0x00000000e2e80000)
  from space 10752K, 72% used [0x00000000e2e80000,0x00000000e36107b0,0x00000000e3900000)
  to   space 10752K, 0% used [0x00000000e4e00000,0x00000000e4e00000,0x00000000e5880000)
 ParOldGen       total 66560K, used 9048K [0x00000000a0000000, 0x00000000a4100000, 0x00000000e0000000)
  object space 66560K, 13% used [0x00000000a0000000,0x00000000a08d6338,0x00000000a4100000)
 Metaspace       used 31009K, capacity 31592K, committed 31872K, reserved 1077248K
  class space    used 4190K, capacity 4387K, committed 4480K, reserved 1048576K
Event: 11.126 GC heap after
Heap after GC invocations=9 (full 1):
 PSYoungGen      total 78848K, used 6305K [0x00000000e0000000, 0x00000000e5780000, 0x0000000100000000)
  eden space 69120K, 0% used [0x00000000e0000000,0x00000000e0000000,0x00000000e4380000)
  from space 9728K, 64% used [0x00000000e4e00000,0x00000000e5428680,0x00000000e5780000)
  to   space 10240K, 0% used [0x00000000e4380000,0x00000000e4380000,0x00000000e4d80000)
 ParOldGen       total 66560K, used 9120K [0x00000000a0000000, 0x00000000a4100000, 0x00000000e0000000)
  object space 66560K, 13% used [0x00000000a0000000,0x00000000a08e8348,0x00000000a4100000)
 Metaspace       used 31009K, capacity 31592K, committed 31872K, reserved 1077248K
  class space    used 4190K, capacity 4387K, committed 4480K, reserved 1048576K
}
Event: 12.056 GC heap before
{Heap before GC invocations=10 (full 1):
 PSYoungGen      total 78848K, used 32393K [0x00000000e0000000, 0x00000000e5780000, 0x0000000100000000)
  eden space 69120K, 37% used [0x00000000e0000000,0x00000000e197a160,0x00000000e4380000)
  from space 9728K, 64% used [0x00000000e4e00000,0x00000000e5428680,0x00000000e5780000)
  to   space 10240K, 0% used [0x00000000e4380000,0x00000000e4380000,0x00000000e4d80000)
 ParOldGen       total 66560K, used 9120K [0x00000000a0000000, 0x00000000a4100000, 0x00000000e0000000)
  object space 66560K, 13% used [0x00000000a0000000,0x00000000a08e8348,0x00000000a4100000)
 Metaspace       used 34479K, capacity 35252K, committed 35416K, reserved 1079296K
  class space    used 4658K, capacity 4952K, committed 4952K, reserved 1048576K
Event: 12.068 GC heap after
Heap after GC invocations=10 (full 1):
 PSYoungGen      total 79360K, used 9676K [0x00000000e0000000, 0x00000000e6d00000, 0x0000000100000000)
  eden space 69120K, 0% used [0x00000000e0000000,0x00000000e0000000,0x00000000e4380000)
  from space 10240K, 94% used [0x00000000e4380000,0x00000000e4cf3358,0x00000000e4d80000)
  to   space 11264K, 0% used [0x00000000e6200000,0x00000000e6200000,0x00000000e6d00000)
 ParOldGen       total 66560K, used 9128K [0x00000000a0000000, 0x00000000a4100000, 0x00000000e0000000)
  object space 66560K, 13% used [0x00000000a0000000,0x00000000a08ea348,0x00000000a4100000)
 Metaspace       used 34479K, capacity 35252K, committed 35416K, reserved 1079296K
  class space    used 4658K, capacity 4952K, committed 4952K, reserved 1048576K
}
Event: 12.068 GC heap before
{Heap before GC invocations=11 (full 2):
 PSYoungGen      total 79360K, used 9676K [0x00000000e0000000, 0x00000000e6d00000, 0x0000000100000000)
  eden space 69120K, 0% used [0x00000000e0000000,0x00000000e0000000,0x00000000e4380000)
  from space 10240K, 94% used [0x00000000e4380000,0x00000000e4cf3358,0x00000000e4d80000)
  to   space 11264K, 0% used [0x00000000e6200000,0x00000000e6200000,0x00000000e6d00000)
 ParOldGen       total 66560K, used 9128K [0x00000000a0000000, 0x00000000a4100000, 0x00000000e0000000)
  object space 66560K, 13% used [0x00000000a0000000,0x00000000a08ea348,0x00000000a4100000)
 Metaspace       used 34479K, capacity 35252K, committed 35416K, reserved 1079296K
  class space    used 4658K, capacity 4952K, committed 4952K, reserved 1048576K
Event: 12.160 GC heap after
Heap after GC invocations=11 (full 2):
 PSYoungGen      total 79360K, used 0K [0x00000000e0000000, 0x00000000e6d00000, 0x0000000100000000)
  eden space 69120K, 0% used [0x00000000e0000000,0x00000000e0000000,0x00000000e4380000)
  from space 10240K, 0% used [0x00000000e4380000,0x00000000e4380000,0x00000000e4d80000)
  to   space 11264K, 0% used [0x00000000e6200000,0x00000000e6200000,0x00000000e6d00000)
 ParOldGen       total 101376K, used 15986K [0x00000000a0000000, 0x00000000a6300000, 0x00000000e0000000)
  object space 101376K, 15% used [0x00000000a0000000,0x00000000a0f9cad0,0x00000000a6300000)
 Metaspace       used 34479K, capacity 35252K, committed 35416K, reserved 1079296K
  class space    used 4658K, capacity 4952K, committed 4952K, reserved 1048576K
}
Event: 13.388 GC heap before
{Heap before GC invocations=12 (full 2):
 PSYoungGen      total 79360K, used 69120K [0x00000000e0000000, 0x00000000e6d00000, 0x0000000100000000)
  eden space 69120K, 100% used [0x00000000e0000000,0x00000000e4380000,0x00000000e4380000)
  from space 10240K, 0% used [0x00000000e4380000,0x00000000e4380000,0x00000000e4d80000)
  to   space 11264K, 0% used [0x00000000e6200000,0x00000000e6200000,0x00000000e6d00000)
 ParOldGen       total 101376K, used 15986K [0x00000000a0000000, 0x00000000a6300000, 0x00000000e0000000)
  object space 101376K, 15% used [0x00000000a0000000,0x00000000a0f9cad0,0x00000000a6300000)
 Metaspace       used 40146K, capacity 40938K, committed 41304K, reserved 1085440K
  class space    used 5325K, capacity 5631K, committed 5720K, reserved 1048576K
Event: 13.400 GC heap after
Heap after GC invocations=12 (full 2):
 PSYoungGen      total 96256K, used 5972K [0x00000000e0000000, 0x00000000e6a80000, 0x0000000100000000)
  eden space 87552K, 0% used [0x00000000e0000000,0x00000000e0000000,0x00000000e5580000)
  from space 8704K, 68% used [0x00000000e6200000,0x00000000e67d51d8,0x00000000e6a80000)
  to   space 10752K, 0% used [0x00000000e5580000,0x00000000e5580000,0x00000000e6000000)
 ParOldGen       total 101376K, used 15994K [0x00000000a0000000, 0x00000000a6300000, 0x00000000e0000000)
  object space 101376K, 15% used [0x00000000a0000000,0x00000000a0f9ead0,0x00000000a6300000)
 Metaspace       used 40146K, capacity 40938K, committed 41304K, reserved 1085440K
  class space    used 5325K, capacity 5631K, committed 5720K, reserved 1048576K
}

